Сборка начата 22.04.2015 23:19:04.
     1>Проект "C:\Users\ILYA\Documents\Visual Studio 2010\Projects\Smaple\Smaple\Smaple.vcxproj" в узле 2 (целевые объекты build).
     1>InitializeBuildStatus:
         Создание "Release\Smaple.unsuccessfulbuild", так как было задано "AlwaysCreate".
       ClCompile:
         Для всех выходных данных обновления не требуется.
         D:\Microsoft Visual Studio 10.0\VC\bin\CL.exe /c /I"C:\Users\ILYA\Documents\Visual Studio 2010\Projects\Smaple\Needed\compiler needs\include" /Zi /nologo /W3 /WX- /O2 /Oi /Oy- /GL /D WIN32 /D NDEBUG /D _CONSOLE /D _MBCS /Gm- /EHsc /MD /GS /Gy /fp:precise /Zc:wchar_t /Zc:forScope /Fo"Release\\" /Fd"Release\vc100.pdb" /Gd /TP /analyze- /errorReport:prompt Smaple.cpp
         Smaple.cpp
       Link:
         D:\Microsoft Visual Studio 10.0\VC\bin\link.exe /ERRORREPORT:PROMPT /OUT:"C:\Users\ILYA\Documents\Visual Studio 2010\Projects\Smaple\Release\Smaple.exe" /INCREMENTAL:NO /NOLOGO /LIBPATH:"C:\Users\ILYA\Documents\Visual Studio 2010\Projects\Smaple\Needed\compiler needs\lib" kernel32.lib user32.lib gdi32.lib winspool.lib comdlg32.lib advapi32.lib shell32.lib ole32.lib oleaut32.lib uuid.lib odbc32.lib odbccp32.lib /MANIFEST /ManifestFile:"Release\Smaple.exe.intermediate.manifest" /MANIFESTUAC:"level='asInvoker' uiAccess='false'" /DEBUG /PDB:"C:\Users\ILYA\Documents\Visual Studio 2010\Projects\Smaple\Release\Smaple.pdb" /SUBSYSTEM:CONSOLE /OPT:REF /OPT:ICF /LTCG /TLBID:1 /DYNAMICBASE /NXCOMPAT /IMPLIB:"C:\Users\ILYA\Documents\Visual Studio 2010\Projects\Smaple\Release\Smaple.lib" /MACHINE:X86 Release\Smaple.obj
         Release\stdafx.obj
         Создание кода
         Создание кода завершено
         Smaple.vcxproj -> C:\Users\ILYA\Documents\Visual Studio 2010\Projects\Smaple\Release\Smaple.exe
       Manifest:
         C:\Program Files (x86)\Microsoft SDKs\Windows\v7.0A\bin\mt.exe /nologo /verbose /outputresource:"C:\Users\ILYA\Documents\Visual Studio 2010\Projects\Smaple\Release\Smaple.exe;#1" /manifest Release\Smaple.exe.intermediate.manifest
       FinalizeBuildStatus:
         Файл "Release\Smaple.unsuccessfulbuild" удаляется.
         Обращение к "Release\Smaple.lastbuildstate".
     1>Построение проекта "C:\Users\ILYA\Documents\Visual Studio 2010\Projects\Smaple\Smaple\Smaple.vcxproj" завершено (целевые объекты build).

Построение успешно завершено.

Затраченное время: 00:00:00.48
