Сборка начата 22.04.2015 23:31:55.
     1>Проект "C:\Users\ILYA\Documents\Visual Studio 2010\Projects\OpenGL_Sample\Smaple\Smaple.vcxproj" в узле 2 (целевые объекты build).
     1>InitializeBuildStatus:
         Обращение к "Debug\Smaple.unsuccessfulbuild".
       ClCompile:
         Для всех выходных данных обновления не требуется.
         D:\Microsoft Visual Studio 10.0\VC\bin\CL.exe /c /I"..\Needed\compiler needs\include" /ZI /nologo /W3 /WX- /Od /Oy- /D WIN32 /D _DEBUG /D _CONSOLE /D _MBCS /Gm /EHsc /RTC1 /MDd /GS /fp:precise /Zc:wchar_t /Zc:forScope /Yu"StdAfx.h" /Fp"Debug\Smaple.pch" /Fo"Debug\\" /Fd"Debug\vc100.pdb" /Gd /TP /analyze- /errorReport:prompt Smaple.cpp
         Smaple.cpp
       ManifestResourceCompile:
         C:\Program Files (x86)\Microsoft SDKs\Windows\v7.0A\bin\rc.exe /nologo /fo"Debug\Smaple.exe.embed.manifest.res" Debug\Smaple_manifest.rc 
       Link:
         D:\Microsoft Visual Studio 10.0\VC\bin\link.exe /ERRORREPORT:PROMPT /OUT:"C:\Users\ILYA\Documents\Visual Studio 2010\Projects\OpenGL_Sample\Debug\Smaple.exe" /INCREMENTAL /NOLOGO /LIBPATH:"..\Needed\compiler needs\lib" opengl32.lib glut32.lib glu32.lib glaux.lib kernel32.lib user32.lib gdi32.lib winspool.lib comdlg32.lib advapi32.lib shell32.lib ole32.lib oleaut32.lib uuid.lib odbc32.lib odbccp32.lib /MANIFEST /ManifestFile:"Debug\Smaple.exe.intermediate.manifest" /MANIFESTUAC:"level='asInvoker' uiAccess='false'" /DEBUG /PDB:"C:\Users\ILYA\Documents\Visual Studio 2010\Projects\OpenGL_Sample\Debug\Smaple.pdb" /SUBSYSTEM:CONSOLE /TLBID:1 /DYNAMICBASE /NXCOMPAT /IMPLIB:"C:\Users\ILYA\Documents\Visual Studio 2010\Projects\OpenGL_Sample\Debug\Smaple.lib" /MACHINE:X86 Debug\Smaple.exe.embed.manifest.res
         Debug\Smaple.obj
         Debug\stdafx.obj
       Manifest:
         C:\Program Files (x86)\Microsoft SDKs\Windows\v7.0A\bin\mt.exe /nologo /verbose /out:"Debug\Smaple.exe.embed.manifest" /manifest Debug\Smaple.exe.intermediate.manifest
         Для всех выходных данных обновления не требуется.
       LinkEmbedManifest:
         Для всех выходных данных обновления не требуется.
         Smaple.vcxproj -> C:\Users\ILYA\Documents\Visual Studio 2010\Projects\OpenGL_Sample\Debug\Smaple.exe
       FinalizeBuildStatus:
         Файл "Debug\Smaple.unsuccessfulbuild" удаляется.
         Обращение к "Debug\Smaple.lastbuildstate".
     1>Построение проекта "C:\Users\ILYA\Documents\Visual Studio 2010\Projects\OpenGL_Sample\Smaple\Smaple.vcxproj" завершено (целевые объекты build).

Построение успешно завершено.

Затраченное время: 00:00:00.68
